Content-Type: multipart/alternative;
 boundary="===============8890821793501035122=="
MIME-Version: 1.0
Subject: =?utf-8?q?Ashen_Emporium_=E2=80=94_Order_=2328_confirmed?=
From: Ashen Emporium <noreply@ashen-emporium.com>
To: tomgoss84@gmail.com
Date: Mon, 02 Mar 2026 12:21:21 -0000
Message-ID: <177245408140.21700.13977109603797049913@DESKTOP-QCU4IAB>

--===============8890821793501035122==
Content-Type: text/plain; charset="utf-8"
MIME-Version: 1.0
Content-Transfer-Encoding: 8bit

Ashen Emporium — Order Confirmed

Thank you for your order, traveler.
Your payment has been received and your order is now confirmed.

Order: #28
Total: £12.99
Status: Paid

Items:

- Warpick (x1) — £12.99


We will dispatch your parcel once it is sealed and ready for the road.

— Ashen Emporium
Forged in Cinder
--===============8890821793501035122==
Content-Type: text/html; charset="utf-8"
MIME-Version: 1.0
Content-Transfer-Encoding: 8bit

<!doctype html>
<html>
  <body style="font-family: Arial, sans-serif; background:#0b0d10; color:#e5e7eb; padding:20px;">
    <div style="max-width:640px; margin:0 auto; border:1px solid #1f2933; background:#050608; padding:20px;">
      <h2 style="margin-top:0; color:#f59e0b;">Order Confirmed</h2>
      <p>Thank you for your order, traveler. Your payment has been received and your order is now confirmed.</p>

      <p style="margin:16px 0; padding:12px; border:1px solid #1f2933; background:#0b0d10;">
        <strong>Order:</strong> #28<br>
        <strong>Total:</strong> £12.99<br>
        <strong>Status:</strong> Paid
      </p>

      <h3 style="color:#e5e7eb;">Items</h3>
      <ul>
        
          <li>Warpick (x1) — £12.99</li>
        
      </ul>

      <p>We will dispatch your parcel once it is sealed and ready for the road.</p>
      <p style="margin-bottom:0; color:#cbd5e1;">— Ashen Emporium<br>Forged in Cinder</p>
    </div>
  </body>
</html>
--===============8890821793501035122==--

-------------------------------------------------------------------------------
